<?xml version='1.0' encoding='UTF-8'?>
<testsuite hostname="WINDAZ" name="codecs.CodecsSuite" tests="14" errors="0" failures="12" skipped="0" time="0.15" timestamp="2021-08-08T20:05:26">
          <properties>
      <property name="java.specification.version" value="15"/><property name="sun.cpu.isalist" value="amd64"/><property name="sun.jnu.encoding" value="Cp1252"/><property name="sun.arch.data.model" value="64"/><property name="sbt.supershell" value="false"/><property name="java.vendor.url" value="https://java.oracle.com/"/><property name="sun.boot.library.path" value="C:\Users\Nathaniel Young\.jdks\openjdk-15.0.2\bin"/><property name="sun.java.command" value="C:\Users\Nathaniel Young\AppData\Local\JetBrains\Toolbox\apps\IDEA-U\ch-0\212.4746.92.plugins\Scala\launcher\sbt-launch.jar early(addPluginSbtFile=&quot;&quot;&quot;C:\Users\NATHAN~1\AppData\Local\Temp\idea.sbt&quot;&quot;&quot;) ; set ideaPort in Global := 63860 ; idea-shell"/><property name="jdk.debug" value="release"/><property name="sun.stderr.encoding" value="cp437"/><property name="java.specification.vendor" value="Oracle Corporation"/><property name="java.version.date" value="2021-01-19"/><property name="java.home" value="C:\Users\Nathaniel Young\.jdks\openjdk-15.0.2"/><property name="file.separator" value="\"/><property name="java.vm.compressedOopsMode" value="32-bit"/><property name="line.separator" value="
"/><property name="sun.stdout.encoding" value="cp437"/><property name="java.vm.specification.vendor" value="Oracle Corporation"/><property name="java.specification.name" value="Java Platform API Specification"/><property name="idea.installation.dir" value="C:\Users\Nathaniel Young\AppData\Local\JetBrains\Toolbox\apps\IDEA-U\ch-0\212.4746.92"/><property name="user.script" value=""/><property name="sun.management.compiler" value="HotSpot 64-Bit Tiered Compilers"/><property name="java.runtime.version" value="15.0.2+7-27"/><property name="user.name" value="Nathaniel Young"/><property name="log4j.ignoreTCL" value="true"/><property name="file.encoding" value="UTF-8"/><property name="jnidispatch.path" value="C:\Users\NATHAN~1\AppData\Local\Temp\jna--463277772\jna2341704883104593479.dll"/><property name="jna.loaded" value="true"/><property name="java.io.tmpdir" value="C:\Users\NATHAN~1\AppData\Local\Temp\"/><property name="java.version" value="15.0.2"/><property name="java.vm.specification.name" value="Java Virtual Machine Specification"/><property name="sun.os.patch.level" value=""/><property name="java.library.path" value="C:\Users\Nathaniel Young\.jdks\openjdk-15.0.2\bin;C:\WINDOWS\Sun\Java\bin;C:\WINDOWS\system32;C:\WINDOWS;C:\Program Files\Common Files\Oracle\Java\javapath;C:\Program Files (x86)\Common Files\Oracle\Java\javapath;C:\Program Files (x86)\Common Files\Intel\Shared Libraries\redist\intel64\compiler;C:\Windows\system32;C:\Windows;C:\Windows\System32\Wbem;C:\Windows\System32\WindowsPowerShell\v1.0\;C:\Windows\System32\OpenSSH\;C:\Program Files (x86)\NVIDIA Corporation\PhysX\Common;C:\Program Files\NVIDIA Corporation\NVIDIA NvDLISR;C:\Program Files\dotnet\;C:\Program Files\Git\cmd;C:\ProgramData\chocolatey\bin;;C:\Program Files\Amazon\AWSCLIV2\;C:\WINDOWS\system32;C:\WINDOWS;C:\WINDOWS\System32\Wbem;C:\WINDOWS\System32\WindowsPowerShell\v1.0\;C:\WINDOWS\System32\OpenSSH\;C:\Program Files (x86)\sbt\bin;C:\Users\Nathaniel Young\AppData\Local\Microsoft\WindowsApps;C:\Program Files\JetBrains\RubyMine 2020.2.3\bin;;C:\Program Files\JetBrains\IntelliJ IDEA 2020.2.3\bin;;C:\Program%20Files\Java\jre1.8.0_291\bin;;."/><property name="java.vendor" value="Oracle Corporation"/><property name="sun.io.unicode.encoding" value="UnicodeLittle"/><property name="java.class.path" value="C:\Users\Nathaniel Young\AppData\Local\JetBrains\Toolbox\apps\IDEA-U\ch-0\212.4746.92.plugins\Scala\launcher\sbt-launch.jar"/><property name="java.vm.vendor" value="Oracle Corporation"/><property name="user.variant" value=""/><property name="jline.shutdownhook" value="false"/><property name="user.timezone" value="Asia/Singapore"/><property name="java.vm.specification.version" value="15"/><property name="os.name" value="Windows 10"/><property name="sun.java.launcher" value="SUN_STANDARD"/><property name="user.country" value="SG"/><property name="sun.cpu.endian" value="little"/><property name="user.home" value="C:\Users\Nathaniel Young"/><property name="user.language" value="en"/><property name="sbt.version" value="1.5.2"/><property name="swoval.tmpdir" value="C:\Users\Nathaniel Young\.sbt\1.0"/><property name="jline.esc.timeout" value="0"/><property name="path.separator" value=";"/><property name="os.version" value="10.0"/><property name="jna.nosys" value="true"/><property name="java.runtime.name" value="OpenJDK Runtime Environment"/><property name="sbt.log.noformat" value="true"/><property name="java.vm.name" value="OpenJDK 64-Bit Server VM"/><property name="java.vendor.url.bug" value="https://bugreport.java.com/bugreport/"/><property name="user.dir" value="C:\dev\coursera\codecs"/><property name="os.arch" value="amd64"/><property name="idea.managed" value="true"/><property name="java.vm.info" value="mixed mode, sharing"/><property name="java.vm.version" value="15.0.2+7-27"/><property name="java.class.version" value="59.0"/>
    </properties>
          <testcase classname="codecs.CodecsSuite" name="it is possible to encode and decode the 'Unit' value (0pts)" time="0.118">
                      
                    </testcase><testcase classname="codecs.CodecsSuite" name="it is possible to encode and decode 'Int' values (1pt)" time="0.01">
                      <failure message="java.lang.AssertionError: An exception was thrown during property evaluation: java.lang.AssertionError: No given decoder could be found." type="sbt.ForkMain$ForkError">sbt.ForkMain$ForkError: java.lang.AssertionError: An exception was thrown during property evaluation: java.lang.AssertionError: No given decoder could be found.
	at codecs.CodecsSuite.fail$1(CodecsSuite.scala:18)
	at codecs.CodecsSuite.checkProperty(CodecsSuite.scala:23)
	at codecs.CodecsSuite.$init$$$anonfun$2(CodecsSuite.scala:39)
	at scala.runtime.java8.JFunction0$mcV$sp.apply(JFunction0$mcV$sp.scala:18)
</failure>
                    </testcase><testcase classname="codecs.CodecsSuite" name="the 'Int' decoder should reject invalid 'Int' values (2pts)" time="0.0">
                      <failure message="java.lang.AssertionError: No given decoder could be found" type="sbt.ForkMain$ForkError">sbt.ForkMain$ForkError: java.lang.AssertionError: No given decoder could be found
	at codecs.DecoderFallbackInstance.decoderSentinel(CodecsSuite.scala:122)
	at codecs.DecoderFallbackInstance.decoderSentinel$(CodecsSuite.scala:119)
	at codecs.CodecsSuite.decoderSentinel(CodecsSuite.scala:8)
	at codecs.CodecsSuite.$init$$$anonfun$3(CodecsSuite.scala:43)
	at scala.runtime.java8.JFunction0$mcV$sp.apply(JFunction0$mcV$sp.scala:18)
</failure>
                    </testcase><testcase classname="codecs.CodecsSuite" name="a 'String' value should be encoded as a JSON string (1pt)" time="0.0">
                      <failure message="scala.NotImplementedError: an implementation is missing" type="sbt.ForkMain$ForkError">sbt.ForkMain$ForkError: scala.NotImplementedError: an implementation is missing
	at scala.Predef$.$qmark$qmark$qmark(Predef.scala:345)
	at codecs.EncoderInstances.stringEncoder(Codecs.scala:85)
	at codecs.EncoderInstances.stringEncoder$(Codecs.scala:73)
	at codecs.CodecsSuite.stringEncoder(CodecsSuite.scala:8)
	at codecs.CodecsSuite.$init$$$anonfun$4(CodecsSuite.scala:48)
	at scala.runtime.java8.JFunction0$mcV$sp.apply(JFunction0$mcV$sp.scala:18)
</failure>
                    </testcase><testcase classname="codecs.CodecsSuite" name="it is possible to encode and decode 'String' values (1pt)" time="0.005">
                      <failure message="java.lang.AssertionError: An exception was thrown during property evaluation: scala.NotImplementedError: an implementation is missing." type="sbt.ForkMain$ForkError">sbt.ForkMain$ForkError: java.lang.AssertionError: An exception was thrown during property evaluation: scala.NotImplementedError: an implementation is missing.
	at codecs.CodecsSuite.fail$1(CodecsSuite.scala:18)
	at codecs.CodecsSuite.checkProperty(CodecsSuite.scala:23)
	at codecs.CodecsSuite.$init$$$anonfun$5(CodecsSuite.scala:52)
	at scala.runtime.java8.JFunction0$mcV$sp.apply(JFunction0$mcV$sp.scala:18)
</failure>
                    </testcase><testcase classname="codecs.CodecsSuite" name="a 'Boolean' value should be encoded as a JSON boolean (1pt)" time="0.0">
                      <failure message="java.lang.AssertionError: No given encoder could be found" type="sbt.ForkMain$ForkError">sbt.ForkMain$ForkError: java.lang.AssertionError: No given encoder could be found
	at codecs.EncoderFallbackInstance.encoderSentinel(CodecsSuite.scala:113)
	at codecs.EncoderFallbackInstance.encoderSentinel$(CodecsSuite.scala:110)
	at codecs.CodecsSuite.encoderSentinel(CodecsSuite.scala:8)
	at codecs.CodecsSuite.$init$$$anonfun$6(CodecsSuite.scala:56)
	at scala.runtime.java8.JFunction0$mcV$sp.apply(JFunction0$mcV$sp.scala:18)
</failure>
                    </testcase><testcase classname="codecs.CodecsSuite" name="it is possible to encode and decode 'Boolean' values (1pt)" time="0.002">
                      <failure message="java.lang.AssertionError: An exception was thrown during property evaluation: java.lang.AssertionError: No given encoder could be found." type="sbt.ForkMain$ForkError">sbt.ForkMain$ForkError: java.lang.AssertionError: An exception was thrown during property evaluation: java.lang.AssertionError: No given encoder could be found.
	at codecs.CodecsSuite.fail$1(CodecsSuite.scala:18)
	at codecs.CodecsSuite.checkProperty(CodecsSuite.scala:23)
	at codecs.CodecsSuite.$init$$$anonfun$7(CodecsSuite.scala:62)
	at scala.runtime.java8.JFunction0$mcV$sp.apply(JFunction0$mcV$sp.scala:18)
</failure>
                    </testcase><testcase classname="codecs.CodecsSuite" name="a 'List[A]' value should be encoded as a JSON array (0pts)" time="0.003">
                      
                    </testcase><testcase classname="codecs.CodecsSuite" name="it is possible to encode and decode lists (5pts)" time="0.003">
                      <failure message="java.lang.AssertionError: An exception was thrown during property evaluation: java.lang.AssertionError: No given decoder could be found." type="sbt.ForkMain$ForkError">sbt.ForkMain$ForkError: java.lang.AssertionError: An exception was thrown during property evaluation: java.lang.AssertionError: No given decoder could be found.
	at codecs.CodecsSuite.fail$1(CodecsSuite.scala:18)
	at codecs.CodecsSuite.checkProperty(CodecsSuite.scala:23)
	at codecs.CodecsSuite.$init$$$anonfun$9(CodecsSuite.scala:72)
	at scala.runtime.java8.JFunction0$mcV$sp.apply(JFunction0$mcV$sp.scala:18)
</failure>
                    </testcase><testcase classname="codecs.CodecsSuite" name="A JSON array with at least one invalid element should be rejected (2pt)" time="0.001">
                      <failure message="java.lang.AssertionError: No given decoder could be found" type="sbt.ForkMain$ForkError">sbt.ForkMain$ForkError: java.lang.AssertionError: No given decoder could be found
	at codecs.DecoderFallbackInstance.decoderSentinel(CodecsSuite.scala:122)
	at codecs.DecoderFallbackInstance.decoderSentinel$(CodecsSuite.scala:119)
	at codecs.CodecsSuite.decoderSentinel(CodecsSuite.scala:8)
	at codecs.CodecsSuite.$init$$$anonfun$10(CodecsSuite.scala:77)
	at scala.runtime.java8.JFunction0$mcV$sp.apply(JFunction0$mcV$sp.scala:18)
</failure>
                    </testcase><testcase classname="codecs.CodecsSuite" name="a 'Person' value should be encoded as a JSON object (1pt)" time="0.002">
                      <failure message="scala.NotImplementedError: an implementation is missing" type="sbt.ForkMain$ForkError">sbt.ForkMain$ForkError: scala.NotImplementedError: an implementation is missing
	at scala.Predef$.$qmark$qmark$qmark(Predef.scala:345)
	at codecs.EncoderInstances.stringEncoder(Codecs.scala:85)
	at codecs.EncoderInstances.stringEncoder$(Codecs.scala:73)
	at codecs.Encoder$.stringEncoder(Codecs.scala:62)
	at codecs.PersonCodecs.given_Encoder_Person(Codecs.scala:237)
	at codecs.PersonCodecs.given_Encoder_Person$(Codecs.scala:233)
	at codecs.CodecsSuite.given_Encoder_Person(CodecsSuite.scala:8)
	at codecs.CodecsSuite.$init$$$anonfun$11(CodecsSuite.scala:84)
	at scala.runtime.java8.JFunction0$mcV$sp.apply(JFunction0$mcV$sp.scala:18)
</failure>
                    </testcase><testcase classname="codecs.CodecsSuite" name="it is possible to encode and decode people (4pts)" time="0.003">
                      <failure message="java.lang.AssertionError: An exception was thrown during property evaluation: scala.NotImplementedError: an implementation is missing." type="sbt.ForkMain$ForkError">sbt.ForkMain$ForkError: java.lang.AssertionError: An exception was thrown during property evaluation: scala.NotImplementedError: an implementation is missing.
	at codecs.CodecsSuite.fail$1(CodecsSuite.scala:18)
	at codecs.CodecsSuite.checkProperty(CodecsSuite.scala:23)
	at codecs.CodecsSuite.$init$$$anonfun$12(CodecsSuite.scala:89)
	at scala.runtime.java8.JFunction0$mcV$sp.apply(JFunction0$mcV$sp.scala:18)
</failure>
                    </testcase><testcase classname="codecs.CodecsSuite" name="a 'Contacts' value should be encoded as a JSON object (1pt)" time="0.001">
                      <failure message="scala.NotImplementedError: an implementation is missing" type="sbt.ForkMain$ForkError">sbt.ForkMain$ForkError: scala.NotImplementedError: an implementation is missing
	at scala.Predef$.$qmark$qmark$qmark(Predef.scala:345)
	at codecs.ContactsCodecs.given_Encoder_Contacts(Codecs.scala:257)
	at codecs.ContactsCodecs.given_Encoder_Contacts$(Codecs.scala:251)
	at codecs.CodecsSuite.given_Encoder_Contacts(CodecsSuite.scala:8)
	at codecs.CodecsSuite.$init$$$anonfun$13(CodecsSuite.scala:97)
	at scala.runtime.java8.JFunction0$mcV$sp.apply(JFunction0$mcV$sp.scala:18)
</failure>
                    </testcase><testcase classname="codecs.CodecsSuite" name="it is possible to encode and decode contacts (4pts)" time="0.002">
                      <failure message="java.lang.AssertionError: An exception was thrown during property evaluation: scala.NotImplementedError: an implementation is missing." type="sbt.ForkMain$ForkError">sbt.ForkMain$ForkError: java.lang.AssertionError: An exception was thrown during property evaluation: scala.NotImplementedError: an implementation is missing.
	at codecs.CodecsSuite.fail$1(CodecsSuite.scala:18)
	at codecs.CodecsSuite.checkProperty(CodecsSuite.scala:23)
	at codecs.CodecsSuite.$init$$$anonfun$14(CodecsSuite.scala:103)
	at scala.runtime.java8.JFunction0$mcV$sp.apply(JFunction0$mcV$sp.scala:18)
</failure>
                    </testcase>
          <system-out><![CDATA[]]></system-out>
          <system-err><![CDATA[]]></system-err>
        </testsuite>